<?xml version="1.0" encoding="UTF-8"?>
<!-- Generated by org.testng.reporters.JUnitReportReporter -->
<testsuite hostname="DESKTOP-ELS9EF5" failures="0" tests="1" name="amazonPackage.ProjectAmazon2.Testcase1_LoginAmazon2" time="49.685" errors="0" timestamp="2026-04-28T01:01:00 IST" skipped="0">
  <testcase classname="amazonPackage.ProjectAmazon2.Testcase1_LoginAmazon2" name="testCaseMethod" time="49.685"/>
  <system-out/>
</testsuite> <!-- amazonPackage.ProjectAmazon2.Testcase1_LoginAmazon2 -->
